<?xml version="1.0" encoding="UTF-8"?>
<!-- Generated by org.testng.reporters.JUnitReportReporter -->
<testsuite hostname="DESKTOP-FN3O4BQ" failures="0" tests="1" name="appiumpackage.ApiDemosLauncher" time="21.607" errors="0" timestamp="2023-01-30T13:35:41 IST" skipped="0">
  <testcase classname="appiumpackage.ApiDemosLauncher" name="launchapp" time="21.607"/>
  <system-out/>
</testsuite> <!-- appiumpackage.ApiDemosLauncher -->
