<?xml version="1.0" encoding="UTF-8"?>
<!-- Generated by org.testng.reporters.JUnitReportReporter -->
<testsuite hostname="DESKTOP-FN3O4BQ" failures="0" tests="1" name="appiumpackage.Swipingbycoordinates" time="22.246" errors="0" timestamp="2023-01-31T10:00:42 IST" skipped="0">
  <testcase classname="appiumpackage.Swipingbycoordinates" name="swipe" time="22.246"/>
  <system-out/>
</testsuite> <!-- appiumpackage.Swipingbycoordinates -->
