<?xml version="1.0" encoding="UTF-8"?>
<!-- Generated by org.testng.reporters.JUnitReportReporter -->
<testsuite hostname="DESKTOP-FN3O4BQ" failures="0" tests="1" name="appiumpackage.Completepagescrolling" time="44.084" errors="0" timestamp="2023-01-31T13:11:44 IST" skipped="0">
  <testcase classname="appiumpackage.Completepagescrolling" name="scroll" time="44.084"/>
  <system-out/>
</testsuite> <!-- appiumpackage.Completepagescrolling -->
