<?xml version="1.0" encoding="UTF-8"?>
<!-- Generated by org.testng.reporters.JUnitReportReporter -->
<testsuite hostname="DESKTOP-FN3O4BQ" failures="0" tests="2" name="appiumpackage.SwipeandDrag" time="38.676" errors="0" timestamp="2023-02-01T11:39:29 IST" skipped="0">
  <testcase classname="appiumpackage.SwipeandDrag" name="drag" time="20.408"/>
  <system-out/>
  <testcase classname="appiumpackage.SwipeandDrag" name="swipe" time="18.268"/>
  <system-out/>
</testsuite> <!-- appiumpackage.SwipeandDrag -->
