<?xml version="1.0" encoding="UTF-8"?>
<!-- Generated by org.testng.reporters.JUnitReportReporter -->
<testsuite hostname="DESKTOP-FN3O4BQ" failures="0" tests="1" name="driverActions.DriverActions" time="41.818" errors="0" timestamp="2023-01-31T17:28:46 IST" skipped="0">
  <testcase classname="driverActions.DriverActions" name="driveractions" time="41.818"/>
  <system-out/>
</testsuite> <!-- driverActions.DriverActions -->
