<?xml version="1.0" encoding="UTF-8"?>
<!-- Generated by org.testng.reporters.JUnitReportReporter -->
<testsuite hostname="DESKTOP-FN3O4BQ" failures="0" tests="1" name="appiumpackage.Verticalswiping" time="19.155" errors="0" timestamp="2023-01-31T10:07:56 IST" skipped="0">
  <testcase classname="appiumpackage.Verticalswiping" name="swipe" time="19.155"/>
  <system-out/>
</testsuite> <!-- appiumpackage.Verticalswiping -->
