<?xml version="1.0" encoding="UTF-8"?>
<!-- Generated by org.testng.reporters.JUnitReportReporter -->
<testsuite hostname="DESKTOP-FN3O4BQ" failures="0" tests="1" name="appiumpackage.Completeimagesscrolling" time="21.517" errors="0" timestamp="2023-01-31T13:08:59 IST" skipped="0">
  <testcase classname="appiumpackage.Completeimagesscrolling" name="swipe" time="21.517"/>
  <system-out/>
</testsuite> <!-- appiumpackage.Completeimagesscrolling -->
