<?xml version="1.0" encoding="UTF-8"?>
<!-- Generated by org.testng.reporters.JUnitReportReporter -->
<testsuite hostname="DESKTOP-FN3O4BQ" failures="0" tests="1" name="appiumpackage.Swipeactioninappium" time="22.956" errors="0" timestamp="2023-01-30T13:10:44 IST" skipped="0">
  <testcase classname="appiumpackage.Swipeactioninappium" name="swipe" time="22.956"/>
  <system-out/>
</testsuite> <!-- appiumpackage.Swipeactioninappium -->
